<?xml version="1.0" encoding="UTF-8"?>
<!-- Generated by org.testng.reporters.JUnitXMLReporter -->
<testsuite ignored="0" hostname="VWVITHLPUB2449" failures="0" tests="3" name="Surefire test" time="33.787" errors="0" timestamp="2024-06-27T16:54:54 IST">
  <testcase classname="org.vw.qa.Testcases.OrangeHRMLoginTest" name="loginTest" time="0.618"/>
  <testcase classname="org.vw.qa.Testcases.OrangeHRMLoginTest" name="loginTestA" time="0.6"/>
  <testcase classname="org.vw.qa.Testcases.OrangeHRMLoginTest" name="loginTestB" time="0.99"/>
</testsuite> <!-- Surefire test -->
