<?xml version="1.0" encoding="UTF-8"?>
<!-- Generated by org.testng.reporters.JUnitXMLReporter -->
<testsuite ignored="0" hostname="VWVITHLPUB2449" failures="0" tests="3" name="Test" time="58.871" errors="0" timestamp="2024-07-22T18:39:12 IST">
  <testcase classname="org.vw.qa.Testcases.OrangeHRMLoginTest" name="loginTest" time="1.199"/>
  <testcase classname="org.vw.qa.Testcases.OrangeHRMLoginTest" name="loginTestA" time="2.303"/>
  <testcase classname="org.vw.qa.Testcases.OrangeHRMLoginTest" name="loginTestB" time="2.858"/>
</testsuite> <!-- Test -->
