<?xml version="1.0" encoding="UTF-8"?>
<testng-results ignored="0" total="3" passed="3" failed="0" skipped="0">
  <reporter-output>
  </reporter-output>
  <suite started-at="2024-07-22T18:38:13 IST" name="Suite" finished-at="2024-07-22T18:39:12 IST" duration-ms="58871">
    <groups>
    </groups>
    <test started-at="2024-07-22T18:38:13 IST" name="Test" finished-at="2024-07-22T18:39:12 IST" duration-ms="58871">
      <class name="org.vw.qa.Testcases.OrangeHRMLoginTest">
        <test-method is-config="true" signature="setUp()[pri:0, instance:org.vw.qa.Testcases.OrangeHRMLoginTest@1af2d44a]" started-at="2024-07-22T18:38:14 IST" name="setUp" finished-at="2024-07-22T18:38:21 IST" duration-ms="7259" status="PASS">
          <reporter-output>
          </reporter-output>
        </test-method> <!-- setUp -->
        <test-method signature="loginTest()[pri:0, instance:org.vw.qa.Testcases.OrangeHRMLoginTest@1af2d44a]" started-at="2024-07-22T18:38:21 IST" name="loginTest" finished-at="2024-07-22T18:38:22 IST" duration-ms="1199" status="PASS">
          <reporter-output>
          </reporter-output>
        </test-method> <!-- loginTest -->
        <test-method is-config="true" signature="teardown()[pri:0, instance:org.vw.qa.Testcases.OrangeHRMLoginTest@1af2d44a]" started-at="2024-07-22T18:38:24 IST" name="teardown" finished-at="2024-07-22T18:38:25 IST" duration-ms="1650" status="PASS">
          <reporter-output>
          </reporter-output>
        </test-method> <!-- teardown -->
        <test-method is-config="true" signature="setUp()[pri:0, instance:org.vw.qa.Testcases.OrangeHRMLoginTest@1af2d44a]" started-at="2024-07-22T18:38:25 IST" name="setUp" finished-at="2024-07-22T18:38:31 IST" duration-ms="5573" status="PASS">
          <reporter-output>
          </reporter-output>
        </test-method> <!-- setUp -->
        <test-method signature="loginTestA()[pri:0, instance:org.vw.qa.Testcases.OrangeHRMLoginTest@1af2d44a]" started-at="2024-07-22T18:38:31 IST" name="loginTestA" finished-at="2024-07-22T18:38:33 IST" duration-ms="2303" status="PASS">
          <reporter-output>
          </reporter-output>
        </test-method> <!-- loginTestA -->
        <test-method is-config="true" signature="teardown()[pri:0, instance:org.vw.qa.Testcases.OrangeHRMLoginTest@1af2d44a]" started-at="2024-07-22T18:38:33 IST" name="teardown" finished-at="2024-07-22T18:38:35 IST" duration-ms="1599" status="PASS">
          <reporter-output>
          </reporter-output>
        </test-method> <!-- teardown -->
        <test-method is-config="true" signature="setUp()[pri:0, instance:org.vw.qa.Testcases.OrangeHRMLoginTest@1af2d44a]" started-at="2024-07-22T18:38:35 IST" name="setUp" finished-at="2024-07-22T18:39:07 IST" duration-ms="32119" status="PASS">
          <reporter-output>
          </reporter-output>
        </test-method> <!-- setUp -->
        <test-method signature="loginTestB()[pri:0, instance:org.vw.qa.Testcases.OrangeHRMLoginTest@1af2d44a]" started-at="2024-07-22T18:39:07 IST" name="loginTestB" finished-at="2024-07-22T18:39:10 IST" duration-ms="2858" status="PASS">
          <reporter-output>
          </reporter-output>
        </test-method> <!-- loginTestB -->
        <test-method is-config="true" signature="teardown()[pri:0, instance:org.vw.qa.Testcases.OrangeHRMLoginTest@1af2d44a]" started-at="2024-07-22T18:39:10 IST" name="teardown" finished-at="2024-07-22T18:39:12 IST" duration-ms="2133" status="PASS">
          <reporter-output>
          </reporter-output>
        </test-method> <!-- teardown -->
      </class> <!-- org.vw.qa.Testcases.OrangeHRMLoginTest -->
    </test> <!-- Test -->
  </suite> <!-- Suite -->
</testng-results>
